[11-May-2026 09:22:46 UTC] PHP Fatal error:  Uncaught ArgumentCountError: The number of elements in the type definition string must match the number of bind variables in C:\Users\maxte\OneDrive - TU Eindhoven\Desktop\off\TU\BEP\BEP Maze Game\PaulEvers-OSF-HabitGameParadigm\LocalServerBackend\index.php:151
Stack trace:
#0 C:\Users\maxte\OneDrive - TU Eindhoven\Desktop\off\TU\BEP\BEP Maze Game\PaulEvers-OSF-HabitGameParadigm\LocalServerBackend\index.php(151): mysqli_stmt->bind_param('siiiissdiiddddi...', 'firstLDBtest2@t...', 900, 1, false, true, 'Practice', '2026-05-11 11:2...', 37.99, 1, 1, 0.0, 0.0, 0.0, 0.0, 0.0, false, 0)
#1 C:\Users\maxte\OneDrive - TU Eindhoven\Desktop\off\TU\BEP\BEP Maze Game\PaulEvers-OSF-HabitGameParadigm\LocalServerBackend\index.php(56): handleAddRoundWithTransaction(Object(mysqli))
#2 {main}
  thrown in C:\Users\maxte\OneDrive - TU Eindhoven\Desktop\off\TU\BEP\BEP Maze Game\PaulEvers-OSF-HabitGameParadigm\LocalServerBackend\index.php on line 151
[11-May-2026 09:23:06 UTC] PHP Fatal error:  Uncaught ArgumentCountError: The number of elements in the type definition string must match the number of bind variables in C:\Users\maxte\OneDrive - TU Eindhoven\Desktop\off\TU\BEP\BEP Maze Game\PaulEvers-OSF-HabitGameParadigm\LocalServerBackend\index.php:151
Stack trace:
#0 C:\Users\maxte\OneDrive - TU Eindhoven\Desktop\off\TU\BEP\BEP Maze Game\PaulEvers-OSF-HabitGameParadigm\LocalServerBackend\index.php(151): mysqli_stmt->bind_param('siiiissdiiddddi...', 'firstLDBtest2@t...', 800, 1, false, true, 'DoorPractice', '2026-05-11 11:2...', 29.63, 2, 1, 7.8, 1.623835, 9.3, 10.34, 1.04, false, 0)
#1 C:\Users\maxte\OneDrive - TU Eindhoven\Desktop\off\TU\BEP\BEP Maze Game\PaulEvers-OSF-HabitGameParadigm\LocalServerBackend\index.php(56): handleAddRoundWithTransaction(Object(mysqli))
#2 {main}
  thrown in C:\Users\maxte\OneDrive - TU Eindhoven\Desktop\off\TU\BEP\BEP Maze Game\PaulEvers-OSF-HabitGameParadigm\LocalServerBackend\index.php on line 151
[11-May-2026 09:23:17 UTC] PHP Fatal error:  Uncaught ArgumentCountError: The number of elements in the type definition string must match the number of bind variables in C:\Users\maxte\OneDrive - TU Eindhoven\Desktop\off\TU\BEP\BEP Maze Game\PaulEvers-OSF-HabitGameParadigm\LocalServerBackend\index.php:151
Stack trace:
#0 C:\Users\maxte\OneDrive - TU Eindhoven\Desktop\off\TU\BEP\BEP Maze Game\PaulEvers-OSF-HabitGameParadigm\LocalServerBackend\index.php(151): mysqli_stmt->bind_param('siiiissdiiddddi...', 'firstLDBtest2@t...', 3, 1, false, true, 'Training', '2026-05-11 11:2...', 38.42, 3, 1, 0.0, 0.0, 0.0, 0.0, 0.0, false, 1)
#1 C:\Users\maxte\OneDrive - TU Eindhoven\Desktop\off\TU\BEP\BEP Maze Game\PaulEvers-OSF-HabitGameParadigm\LocalServerBackend\index.php(56): handleAddRoundWithTransaction(Object(mysqli))
#2 {main}
  thrown in C:\Users\maxte\OneDrive - TU Eindhoven\Desktop\off\TU\BEP\BEP Maze Game\PaulEvers-OSF-HabitGameParadigm\LocalServerBackend\index.php on line 151
[11-May-2026 09:23:19 UTC] PHP Fatal error:  Uncaught ArgumentCountError: The number of elements in the type definition string must match the number of bind variables in C:\Users\maxte\OneDrive - TU Eindhoven\Desktop\off\TU\BEP\BEP Maze Game\PaulEvers-OSF-HabitGameParadigm\LocalServerBackend\index.php:151
Stack trace:
#0 C:\Users\maxte\OneDrive - TU Eindhoven\Desktop\off\TU\BEP\BEP Maze Game\PaulEvers-OSF-HabitGameParadigm\LocalServerBackend\index.php(151): mysqli_stmt->bind_param('siiiissdiiddddi...', 'firstLDBtest2@t...', 8, 2, false, true, 'Training', '2026-05-11 11:2...', 43.58, 4, 1, 0.0, 0.0, 0.0, 0.0, 0.0, false, 0)
#1 C:\Users\maxte\OneDrive - TU Eindhoven\Desktop\off\TU\BEP\BEP Maze Game\PaulEvers-OSF-HabitGameParadigm\LocalServerBackend\index.php(56): handleAddRoundWithTransaction(Object(mysqli))
#2 {main}
  thrown in C:\Users\maxte\OneDrive - TU Eindhoven\Desktop\off\TU\BEP\BEP Maze Game\PaulEvers-OSF-HabitGameParadigm\LocalServerBackend\index.php on line 151
[11-May-2026 09:24:11 UTC] PHP Fatal error:  Uncaught ArgumentCountError: The number of elements in the type definition string must match the number of bind variables in C:\Users\maxte\OneDrive - TU Eindhoven\Desktop\off\TU\BEP\BEP Maze Game\PaulEvers-OSF-HabitGameParadigm\LocalServerBackend\index.php:151
Stack trace:
#0 C:\Users\maxte\OneDrive - TU Eindhoven\Desktop\off\TU\BEP\BEP Maze Game\PaulEvers-OSF-HabitGameParadigm\LocalServerBackend\index.php(151): mysqli_stmt->bind_param('siiiissdiiddddi...', 'firstLDBtest2@t...', 11, 1, true, true, 'Test', '2026-05-11 11:2...', 10.7, 5, 1, 11.66, 2.708844, 14.2, 14.48, 0.28, true, 0)
#1 C:\Users\maxte\OneDrive - TU Eindhoven\Desktop\off\TU\BEP\BEP Maze Game\PaulEvers-OSF-HabitGameParadigm\LocalServerBackend\index.php(56): handleAddRoundWithTransaction(Object(mysqli))
#2 {main}
  thrown in C:\Users\maxte\OneDrive - TU Eindhoven\Desktop\off\TU\BEP\BEP Maze Game\PaulEvers-OSF-HabitGameParadigm\LocalServerBackend\index.php on line 151
[11-May-2026 09:24:46 UTC] PHP Fatal error:  Uncaught ArgumentCountError: The number of elements in the type definition string must match the number of bind variables in C:\Users\maxte\OneDrive - TU Eindhoven\Desktop\off\TU\BEP\BEP Maze Game\PaulEvers-OSF-HabitGameParadigm\LocalServerBackend\index.php:151
Stack trace:
#0 C:\Users\maxte\OneDrive - TU Eindhoven\Desktop\off\TU\BEP\BEP Maze Game\PaulEvers-OSF-HabitGameParadigm\LocalServerBackend\index.php(151): mysqli_stmt->bind_param('siiiissdiiddddi...', 'firstLDBtest2@t...', 6, 2, true, true, 'Test', '2026-05-11 11:2...', 10.6, 6, 1, 12.24, 2.853582, 14.92, 15.2, 0.28, true, 0)
#1 C:\Users\maxte\OneDrive - TU Eindhoven\Desktop\off\TU\BEP\BEP Maze Game\PaulEvers-OSF-HabitGameParadigm\LocalServerBackend\index.php(56): handleAddRoundWithTransaction(Object(mysqli))
#2 {main}
  thrown in C:\Users\maxte\OneDrive - TU Eindhoven\Desktop\off\TU\BEP\BEP Maze Game\PaulEvers-OSF-HabitGameParadigm\LocalServerBackend\index.php on line 151
[11-May-2026 09:25:17 UTC] PHP Fatal error:  Uncaught ArgumentCountError: The number of elements in the type definition string must match the number of bind variables in C:\Users\maxte\OneDrive - TU Eindhoven\Desktop\off\TU\BEP\BEP Maze Game\PaulEvers-OSF-HabitGameParadigm\LocalServerBackend\index.php:151
Stack trace:
#0 C:\Users\maxte\OneDrive - TU Eindhoven\Desktop\off\TU\BEP\BEP Maze Game\PaulEvers-OSF-HabitGameParadigm\LocalServerBackend\index.php(151): mysqli_stmt->bind_param('siiiissdiiddddi...', 'firstLDBtest2@t...', 16, 3, true, true, 'Test', '2026-05-11 11:2...', 15.04, 7, 1, 9.82, 2.562131, 12.24, 12.64, 0.4, true, 0)
#1 C:\Users\maxte\OneDrive - TU Eindhoven\Desktop\off\TU\BEP\BEP Maze Game\PaulEvers-OSF-HabitGameParadigm\LocalServerBackend\index.php(56): handleAddRoundWithTransaction(Object(mysqli))
#2 {main}
  thrown in C:\Users\maxte\OneDrive - TU Eindhoven\Desktop\off\TU\BEP\BEP Maze Game\PaulEvers-OSF-HabitGameParadigm\LocalServerBackend\index.php on line 151
[11-May-2026 09:25:29 UTC] PHP Fatal error:  Uncaught ArgumentCountError: The number of elements in the type definition string must match the number of bind variables in C:\Users\maxte\OneDrive - TU Eindhoven\Desktop\off\TU\BEP\BEP Maze Game\PaulEvers-OSF-HabitGameParadigm\LocalServerBackend\index.php:151
Stack trace:
#0 C:\Users\maxte\OneDrive - TU Eindhoven\Desktop\off\TU\BEP\BEP Maze Game\PaulEvers-OSF-HabitGameParadigm\LocalServerBackend\index.php(151): mysqli_stmt->bind_param('siiiissdiiddddi...', 'firstLDBtest2@t...', 4, 4, false, true, 'Test', '2026-05-11 11:2...', 33.5, 8, 1, 5.34, 2.514033, 7.68, 7.7, 0.02, false, 1)
#1 C:\Users\maxte\OneDrive - TU Eindhoven\Desktop\off\TU\BEP\BEP Maze Game\PaulEvers-OSF-HabitGameParadigm\LocalServerBackend\index.php(56): handleAddRoundWithTransaction(Object(mysqli))
#2 {main}
  thrown in C:\Users\maxte\OneDrive - TU Eindhoven\Desktop\off\TU\BEP\BEP Maze Game\PaulEvers-OSF-HabitGameParadigm\LocalServerBackend\index.php on line 151
[11-May-2026 09:25:56 UTC] PHP Fatal error:  Uncaught ArgumentCountError: The number of elements in the type definition string must match the number of bind variables in C:\Users\maxte\OneDrive - TU Eindhoven\Desktop\off\TU\BEP\BEP Maze Game\PaulEvers-OSF-HabitGameParadigm\LocalServerBackend\index.php:151
Stack trace:
#0 C:\Users\maxte\OneDrive - TU Eindhoven\Desktop\off\TU\BEP\BEP Maze Game\PaulEvers-OSF-HabitGameParadigm\LocalServerBackend\index.php(151): mysqli_stmt->bind_param('siiiissdiiddddi...', 'firstLDBtest2@t...', 17, 5, false, true, 'Test', '2026-05-11 11:2...', 20.54, 9, 1, 15.88, 1.730904, 17.5, 18.42, 0.92, false, 0)
#1 C:\Users\maxte\OneDrive - TU Eindhoven\Desktop\off\TU\BEP\BEP Maze Game\PaulEvers-OSF-HabitGameParadigm\LocalServerBackend\index.php(56): handleAddRoundWithTransaction(Object(mysqli))
#2 {main}
  thrown in C:\Users\maxte\OneDrive - TU Eindhoven\Desktop\off\TU\BEP\BEP Maze Game\PaulEvers-OSF-HabitGameParadigm\LocalServerBackend\index.php on line 151
[11-May-2026 09:26:16 UTC] PHP Fatal error:  Uncaught ArgumentCountError: The number of elements in the type definition string must match the number of bind variables in C:\Users\maxte\OneDrive - TU Eindhoven\Desktop\off\TU\BEP\BEP Maze Game\PaulEvers-OSF-HabitGameParadigm\LocalServerBackend\index.php:151
Stack trace:
#0 C:\Users\maxte\OneDrive - TU Eindhoven\Desktop\off\TU\BEP\BEP Maze Game\PaulEvers-OSF-HabitGameParadigm\LocalServerBackend\index.php(151): mysqli_stmt->bind_param('siiiissdiiddddi...', 'firstLDBtest2@t...', 12, 6, false, true, 'Test', '2026-05-11 11:2...', 25.39, 10, 1, 10.3, 1.867626, 12.08, 12.48, 0.4, false, 0)
#1 C:\Users\maxte\OneDrive - TU Eindhoven\Desktop\off\TU\BEP\BEP Maze Game\PaulEvers-OSF-HabitGameParadigm\LocalServerBackend\index.php(56): handleAddRoundWithTransaction(Object(mysqli))
#2 {main}
  thrown in C:\Users\maxte\OneDrive - TU Eindhoven\Desktop\off\TU\BEP\BEP Maze Game\PaulEvers-OSF-HabitGameParadigm\LocalServerBackend\index.php on line 151
